#
# A fatal error has been detected by the Java Runtime Environment:
#
#  EXCEPTION_ACCESS_VIOLATION (0xc0000005) at pc=0x00000000772049fb, pid=14460, tid=12384
#
# JRE version: Java(TM) SE Runtime Environment (8.0_25-b18) (build 1.8.0_25-b18)
# Java VM: Java HotSpot(TM) 64-Bit Server VM (25.25-b02 mixed mode windows-amd64 compressed oops)
# Problematic frame:
# V  [jvm.dll+0x1049fb]
#
# Failed to write core dump. Minidumps are not enabled by default on client versions of Windows
#
# If you would like to submit a bug report, please visit:
#   http://bugreport.sun.com/bugreport/crash.jsp
#

---------------  T H R E A D  ---------------

Current thread (0x0000000002532800):  GCTaskThread [stack: 0x0000000012e30000,0x0000000012f30000] [id=12384]

siginfo: ExceptionCode=0xc0000005, reading address 0x00000007f80016d8

Registers:
RAX=0x0000000012f30000, RBX=0x00000006c43ff748, RCX=0x0000000000000003, RDX=0x0000000000000001
RSP=0x0000000012f2f700, RBP=0x00000006c43ff738, RSI=0x00000000025fe940, RDI=0x00000000025fe940
R8 =0x00000007f80016d0, R9 =0x00000007c001caf0, R10=0x000000000000000c, R11=0x00000000776d68f8
R12=0x00000006c43ff744, R13=0x00000007c001cd18, R14=0x00000007c001cd20, R15=0x00000006c43ff728
RIP=0x00000000772049fb, EFLAGS=0x0000000000010202

Top of Stack: (sp=0x0000000012f2f700)
0x0000000012f2f700:   00000007c001caf0 00000006c43ff684
0x0000000012f2f710:   000000000000000a 0000000077304642
0x0000000012f2f720:   0000000000000000 0000000002532a00
0x0000000012f2f730:   0000000002525870 00000006c4343b10
0x0000000012f2f740:   0000000000010ca1 00000000774d6760
0x0000000012f2f750:   000000001d25b550 0000000000000800
0x0000000012f2f760:   00000000025fe940 0000000077723a28
0x0000000012f2f770:   083b153b00010c55 083b153c00010c55
0x0000000012f2f780:   00000006c44ff2d8 00000006c4343b10
0x0000000012f2f790:   0000000600000800 00000000771fbe92
0x0000000012f2f7a0:   00000006c432ec98 00000000025fe940
0x0000000012f2f7b0:   00000006c432ec98 0000000002525870
0x0000000012f2f7c0:   0000000002532a10 0000000002532a00
0x0000000012f2f7d0:   0000000077723a28 0000000000000007
0x0000000012f2f7e0:   000000001f4b4440 0000000000000000
0x0000000012f2f7f0:   00000000025fe940 00000000774d400f 

Instructions: (pc=0x00000000772049fb)
0x00000000772049db:   6c 00 84 d2 74 16 44 8b 43 08 8b 0d 5d 7b 66 00
0x00000000772049eb:   49 d3 e0 4c 03 05 4b 7b 66 00 eb 04 4c 8b 43 08
0x00000000772049fb:   45 8b 48 08 45 85 c9 7e 0c 41 f6 c1 01 75 4b 41
0x0000000077204a0b:   c1 f9 03 eb 57 79 43 84 d2 41 8b c9 b8 10 00 00 


Register to memory mapping:

RAX=0x0000000012f30000 is an unknown value
RBX=0x00000006c43ff748 is an oop
java.lang.String 
 - klass: 'java/lang/String'
RCX=0x0000000000000003 is an unknown value
RDX=0x0000000000000001 is an unknown value
RSP=0x0000000012f2f700 is an unknown value
RBP=0x00000006c43ff738 is pointing into object: 0x00000006c43ff728
java.util.HashMap$Node 
 - klass: 'java/util/HashMap$Node'
RSI=0x00000000025fe940 is an unknown value
RDI=0x00000000025fe940 is an unknown value
R8 =0x00000007f80016d0 is an unknown value
R9 =0x00000007c001caf0 is pointing into metadata
R10=0x000000000000000c is an unknown value
R11=0x00000000776d68f8 is an unknown value
R12=0x00000006c43ff744 is pointing into object: 0x00000006c43ff728
java.util.HashMap$Node 
 - klass: 'java/util/HashMap$Node'
R13=0x00000007c001cd18 is pointing into metadata
R14=0x00000007c001cd20 is pointing into metadata
R15=0x00000006c43ff728 is an oop
java.util.HashMap$Node 
 - klass: 'java/util/HashMap$Node'


Stack: [0x0000000012e30000,0x0000000012f30000],  sp=0x0000000012f2f700,  free space=1021k
Native frames: (J=compiled Java code, j=interpreted, Vv=VM code, C=native code)
V  [jvm.dll+0x1049fb]
V  [jvm.dll+0x3d6760]
V  [jvm.dll+0x3d400f]
V  [jvm.dll+0x3d14ae]
V  [jvm.dll+0x2852fa]
C  [msvcr100.dll+0x21d9f]
C  [msvcr100.dll+0x21e3b]
C  [KERNEL32.DLL+0x8364]
C  [ntdll.dll+0x65e91]


---------------  P R O C E S S  ---------------

Java Threads: ( => current thread )
  0x0000000023d43000 JavaThread "File IO Thread" [_thread_blocked, id=8328, stack(0x0000000032ba0000,0x0000000032ca0000)]
  0x000000001f5ea000 JavaThread "Computer Dispatch Thread" [_thread_blocked, id=15596, stack(0x00000000301a0000,0x00000000302a0000)]
  0x000000001f5e9800 JavaThread "BuildCraft Robotics Manager" [_thread_blocked, id=5884, stack(0x00000000300a0000,0x00000000301a0000)]
  0x000000001f5e5800 JavaThread "Server Watchdog" daemon [_thread_blocked, id=12348, stack(0x000000002ffa0000,0x00000000300a0000)]
  0x000000001f5e6800 JavaThread "Netty Server IO #0" daemon [_thread_in_native, id=11780, stack(0x000000002fea0000,0x000000002ffa0000)]
  0x0000000023cbb800 JavaThread "D3D Screen Updater" daemon [_thread_blocked, id=15672, stack(0x000000002c820000,0x000000002c920000)]
  0x0000000002510800 JavaThread "DestroyJavaVM" [_thread_blocked, id=13108, stack(0x0000000002410000,0x0000000002510000)]
  0x00000000203a9800 JavaThread "Server thread" [_thread_blocked, id=6456, stack(0x000000002c720000,0x000000002c820000)]
  0x000000001e2bf800 JavaThread "TimerQueue" daemon [_thread_blocked, id=15764, stack(0x0000000027680000,0x0000000027780000)]
  0x0000000021cad800 JavaThread "Thread-5" daemon [_thread_blocked, id=16372, stack(0x0000000027580000,0x0000000027680000)]
  0x0000000022464800 JavaThread "AWT-EventQueue-0" [_thread_blocked, id=15396, stack(0x0000000027280000,0x0000000027380000)]
  0x0000000022023800 JavaThread "AWT-Windows" daemon [_thread_in_native, id=15864, stack(0x0000000024b20000,0x0000000024c20000)]
  0x000000001f123800 JavaThread "AWT-Shutdown" [_thread_blocked, id=9640, stack(0x0000000024a20000,0x0000000024b20000)]
  0x0000000021763000 JavaThread "Java2D Disposer" daemon [_thread_blocked, id=16292, stack(0x0000000024920000,0x0000000024a20000)]
  0x000000001f1e5000 JavaThread "Server Infinisleeper" daemon [_thread_blocked, id=15780, stack(0x00000000233d0000,0x00000000234d0000)]
  0x000000001ef20000 JavaThread "Snooper Timer" daemon [_thread_blocked, id=11700, stack(0x0000000020da0000,0x0000000020ea0000)]
  0x000000001e15c800 JavaThread "Service Thread" daemon [_thread_blocked, id=10312, stack(0x000000001ea90000,0x000000001eb90000)]
  0x000000001e0cb800 JavaThread "C1 CompilerThread3" daemon [_thread_blocked, id=4980, stack(0x000000001e990000,0x000000001ea90000)]
  0x000000001e0be000 JavaThread "C2 CompilerThread2" daemon [_thread_blocked, id=5580, stack(0x000000001e890000,0x000000001e990000)]
  0x000000001e0ba000 JavaThread "C2 CompilerThread1" daemon [_thread_blocked, id=4856, stack(0x000000001e790000,0x000000001e890000)]
  0x000000001e0b7000 JavaThread "C2 CompilerThread0" daemon [_thread_blocked, id=15704, stack(0x000000001e690000,0x000000001e790000)]
  0x000000001e0b5800 JavaThread "Attach Listener" daemon [_thread_blocked, id=15696, stack(0x000000001e590000,0x000000001e690000)]
  0x000000001e0b4800 JavaThread "Signal Dispatcher" daemon [_thread_blocked, id=1968, stack(0x000000001e490000,0x000000001e590000)]
  0x0000000002607800 JavaThread "Finalizer" daemon [_thread_blocked, id=5504, stack(0x000000001df90000,0x000000001e090000)]
  0x0000000002601800 JavaThread "Reference Handler" daemon [_thread_blocked, id=10992, stack(0x000000001de90000,0x000000001df90000)]

Other Threads:
  0x000000001c0b8800 VMThread [stack: 0x000000001dd90000,0x000000001de90000] [id=7740]
  0x000000001e15f000 WatcherThread [stack: 0x000000001eb90000,0x000000001ec90000] [id=15932]

=>0x0000000002532800 (exited) GCTaskThread [stack: 0x0000000012e30000,0x0000000012f30000] [id=12384]

VM state:at safepoint (normal execution)

VM Mutex/Monitor currently owned by a thread:  ([mutex/lock_event])
[0x000000000240b640] Threads_lock - owner thread: 0x000000001c0b8800
[0x000000000240b140] Heap_lock - owner thread: 0x0000000022464800

Heap:
 PSYoungGen      total 1388544K, used 160K [0x000000076af00000, 0x00000007bfc00000, 0x00000007c0000000)
  eden space 1388032K, 0% used [0x000000076af00000,0x000000076af00000,0x00000007bfa80000)
  from space 512K, 31% used [0x00000007bfb80000,0x00000007bfba8000,0x00000007bfc00000)
  to   space 512K, 0% used [0x00000007bfb00000,0x00000007bfb00000,0x00000007bfb80000)
 ParOldGen       total 338944K, used 165340K [0x00000006c0c00000, 0x00000006d5700000, 0x000000076af00000)
  object space 338944K, 48% used [0x00000006c0c00000,0x00000006cad77298,0x00000006d5700000)
 Metaspace       used 43764K, capacity 44060K, committed 44672K, reserved 1087488K
  class space    used 5837K, capacity 5933K, committed 6016K, reserved 1048576K

Card table byte_map: [0x00000000119d0000,0x00000000121d0000] byte_map_base: 0x000000000e3ca000

Marking Bits: (ParMarkBitMap*) 0x00000000778dd490
 Begin Bits: [0x0000000012f30000, 0x0000000016f00000)
 End Bits:   [0x0000000016f00000, 0x000000001aed0000)

Polling page: 0x00000000009b0000

CodeCache: size=245760Kb used=22477Kb max_used=22801Kb free=223282Kb
 bounds [0x0000000002610000, 0x0000000003c90000, 0x0000000011610000]
 total_blobs=7434 nmethods=6686 adapters=658
 compilation: enabled

Compilation events (10 events):
Event: 15792.119 Thread 0x000000001e0b7000 9695 %     4       java.util.concurrent.atomic.AtomicBoolean::getAndSet @ 0 (16 bytes)
Event: 15792.120 Thread 0x000000001e0b7000 nmethod 9695% 0x0000000002c66210 code [0x0000000002c66360, 0x0000000002c66438]
Event: 16022.430 Thread 0x000000001e0ba000 9696       4       com.google.common.collect.MapMakerInternalMap$HashIterator::hasNext (13 bytes)
Event: 16022.430 Thread 0x000000001e0ba000 nmethod 9696 0x0000000002bde090 code [0x0000000002bde1c0, 0x0000000002bde238]
Event: 16132.962 Thread 0x000000001e0be000 9697 % !   4       java.lang.ref.Finalizer$FinalizerThread::run @ 33 (55 bytes)
Event: 16132.970 Thread 0x000000001e0be000 nmethod 9697% 0x00000000038bdc10 code [0x00000000038bddc0, 0x00000000038beac8]
Event: 16227.899 Thread 0x000000001e0b7000 9698       4       java.lang.StringBuilder::append (8 bytes)
Event: 16227.900 Thread 0x000000001e0b7000 nmethod 9698 0x00000000037abd50 code [0x00000000037abea0, 0x00000000037abf28]
Event: 16228.138 Thread 0x000000001e0cb800 9699       3       java.lang.String::copyValueOf (11 bytes)
Event: 16228.139 Thread 0x000000001e0cb800 nmethod 9699 0x00000000032a3550 code [0x00000000032a36c0, 0x00000000032a3888]

GC Heap History (10 events):
Event: 16838.885 GC heap after
Heap after GC invocations=66854 (full 33346):
 PSYoungGen      total 1388544K, used 160K [0x000000076af00000, 0x00000007bfc00000, 0x00000007c0000000)
  eden space 1388032K, 0% used [0x000000076af00000,0x000000076af00000,0x00000007bfa80000)
  from space 512K, 31% used [0x00000007bfb80000,0x00000007bfba8000,0x00000007bfc00000)
  to   space 512K, 0% used [0x00000007bfb00000,0x00000007bfb00000,0x00000007bfb80000)
 ParOldGen       total 338944K, used 165340K [0x00000006c0c00000, 0x00000006d5700000, 0x000000076af00000)
  object space 338944K, 48% used [0x00000006c0c00000,0x00000006cad77298,0x00000006d5700000)
 Metaspace       used 43764K, capacity 44060K, committed 44672K, reserved 1087488K
  class space    used 5837K, capacity 5933K, committed 6016K, reserved 1048576K
}
Event: 16838.885 GC heap before
{Heap before GC invocations=66855 (full 33347):
 PSYoungGen      total 1388544K, used 160K [0x000000076af00000, 0x00000007bfc00000, 0x00000007c0000000)
  eden space 1388032K, 0% used [0x000000076af00000,0x000000076af00000,0x00000007bfa80000)
  from space 512K, 31% used [0x00000007bfb80000,0x00000007bfba8000,0x00000007bfc00000)
  to   space 512K, 0% used [0x00000007bfb00000,0x00000007bfb00000,0x00000007bfb80000)
 ParOldGen       total 338944K, used 165340K [0x00000006c0c00000, 0x00000006d5700000, 0x000000076af00000)
  object space 338944K, 48% used [0x00000006c0c00000,0x00000006cad77298,0x00000006d5700000)
 Metaspace       used 43764K, capacity 44060K, committed 44672K, reserved 1087488K
  class space    used 5837K, capacity 5933K, committed 6016K, reserved 1048576K
Event: 16839.006 GC heap after
Heap after GC invocations=66855 (full 33347):
 PSYoungGen      total 1388544K, used 0K [0x000000076af00000, 0x00000007bfc00000, 0x00000007c0000000)
  eden space 1388032K, 0% used [0x000000076af00000,0x000000076af00000,0x00000007bfa80000)
  from space 512K, 0% used [0x00000007bfb80000,0x00000007bfb80000,0x00000007bfc00000)
  to   space 512K, 0% used [0x00000007bfb00000,0x00000007bfb00000,0x00000007bfb80000)
 ParOldGen       total 338944K, used 165340K [0x00000006c0c00000, 0x00000006d5700000, 0x000000076af00000)
  object space 338944K, 48% used [0x00000006c0c00000,0x00000006cad77298,0x00000006d5700000)
 Metaspace       used 43764K, capacity 44060K, committed 44672K, reserved 1087488K
  class space    used 5837K, capacity 5933K, committed 6016K, reserved 1048576K
}
Event: 16839.385 GC heap before
{Heap before GC invocations=66856 (full 33347):
 PSYoungGen      total 1388544K, used 55521K [0x000000076af00000, 0x00000007bfc00000, 0x00000007c0000000)
  eden space 1388032K, 4% used [0x000000076af00000,0x000000076e538558,0x00000007bfa80000)
  from space 512K, 0% used [0x00000007bfb80000,0x00000007bfb80000,0x00000007bfc00000)
  to   space 512K, 0% used [0x00000007bfb00000,0x00000007bfb00000,0x00000007bfb80000)
 ParOldGen       total 338944K, used 165340K [0x00000006c0c00000, 0x00000006d5700000, 0x000000076af00000)
  object space 338944K, 48% used [0x00000006c0c00000,0x00000006cad77298,0x00000006d5700000)
 Metaspace       used 43764K, capacity 44060K, committed 44672K, reserved 1087488K
  class space    used 5837K, capacity 5933K, committed 6016K, reserved 1048576K
Event: 16839.386 GC heap after
Heap after GC invocations=66856 (full 33347):
 PSYoungGen      total 1388544K, used 160K [0x000000076af00000, 0x00000007bfc00000, 0x00000007c0000000)
  eden space 1388032K, 0% used [0x000000076af00000,0x000000076af00000,0x00000007bfa80000)
  from space 512K, 31% used [0x00000007bfb00000,0x00000007bfb28000,0x00000007bfb80000)
  to   space 512K, 0% used [0x00000007bfb80000,0x00000007bfb80000,0x00000007bfc00000)
 ParOldGen       total 338944K, used 165340K [0x00000006c0c00000, 0x00000006d5700000, 0x000000076af00000)
  object space 338944K, 48% used [0x00000006c0c00000,0x00000006cad77298,0x00000006d5700000)
 Metaspace       used 43764K, capacity 44060K, committed 44672K, reserved 1087488K
  class space    used 5837K, capacity 5933K, committed 6016K, reserved 1048576K
}
Event: 16839.386 GC heap before
{Heap before GC invocations=66857 (full 33348):
 PSYoungGen      total 1388544K, used 160K [0x000000076af00000, 0x00000007bfc00000, 0x00000007c0000000)
  eden space 1388032K, 0% used [0x000000076af00000,0x000000076af00000,0x00000007bfa80000)
  from space 512K, 31% used [0x00000007bfb00000,0x00000007bfb28000,0x00000007bfb80000)
  to   space 512K, 0% used [0x00000007bfb80000,0x00000007bfb80000,0x00000007bfc00000)
 ParOldGen       total 338944K, used 165340K [0x00000006c0c00000, 0x00000006d5700000, 0x000000076af00000)
  object space 338944K, 48% used [0x00000006c0c00000,0x00000006cad77298,0x00000006d5700000)
 Metaspace       used 43764K, capacity 44060K, committed 44672K, reserved 1087488K
  class space    used 5837K, capacity 5933K, committed 6016K, reserved 1048576K
Event: 16839.502 GC heap after
Heap after GC invocations=66857 (full 33348):
 PSYoungGen      total 1388544K, used 0K [0x000000076af00000, 0x00000007bfc00000, 0x00000007c0000000)
  eden space 1388032K, 0% used [0x000000076af00000,0x000000076af00000,0x00000007bfa80000)
  from space 512K, 0% used [0x00000007bfb00000,0x00000007bfb00000,0x00000007bfb80000)
  to   space 512K, 0% used [0x00000007bfb80000,0x00000007bfb80000,0x00000007bfc00000)
 ParOldGen       total 338944K, used 165340K [0x00000006c0c00000, 0x00000006d5700000, 0x000000076af00000)
  object space 338944K, 48% used [0x00000006c0c00000,0x00000006cad77298,0x00000006d5700000)
 Metaspace       used 43764K, capacity 44060K, committed 44672K, reserved 1087488K
  class space    used 5837K, capacity 5933K, committed 6016K, reserved 1048576K
}
Event: 16839.885 GC heap before
{Heap before GC invocations=66858 (full 33348):
 PSYoungGen      total 1388544K, used 61073K [0x000000076af00000, 0x00000007bfc00000, 0x00000007c0000000)
  eden space 1388032K, 4% used [0x000000076af00000,0x000000076eaa45e8,0x00000007bfa80000)
  from space 512K, 0% used [0x00000007bfb00000,0x00000007bfb00000,0x00000007bfb80000)
  to   space 512K, 0% used [0x00000007bfb80000,0x00000007bfb80000,0x00000007bfc00000)
 ParOldGen       total 338944K, used 165340K [0x00000006c0c00000, 0x00000006d5700000, 0x000000076af00000)
  object space 338944K, 48% used [0x00000006c0c00000,0x00000006cad77298,0x00000006d5700000)
 Metaspace       used 43764K, capacity 44060K, committed 44672K, reserved 1087488K
  class space    used 5837K, capacity 5933K, committed 6016K, reserved 1048576K
Event: 16839.886 GC heap after
Heap after GC invocations=66858 (full 33348):
 PSYoungGen      total 1388544K, used 160K [0x000000076af00000, 0x00000007bfc00000, 0x00000007c0000000)
  eden space 1388032K, 0% used [0x000000076af00000,0x000000076af00000,0x00000007bfa80000)
  from space 512K, 31% used [0x00000007bfb80000,0x00000007bfba8000,0x00000007bfc00000)
  to   space 512K, 0% used [0x00000007bfb00000,0x00000007bfb00000,0x00000007bfb80000)
 ParOldGen       total 338944K, used 165340K [0x00000006c0c00000, 0x00000006d5700000, 0x000000076af00000)
  object space 338944K, 48% used [0x00000006c0c00000,0x00000006cad77298,0x00000006d5700000)
 Metaspace       used 43764K, capacity 44060K, committed 44672K, reserved 1087488K
  class space    used 5837K, capacity 5933K, committed 6016K, reserved 1048576K
}
Event: 16839.886 GC heap before
{Heap before GC invocations=66859 (full 33349):
 PSYoungGen      total 1388544K, used 160K [0x000000076af00000, 0x00000007bfc00000, 0x00000007c0000000)
  eden space 1388032K, 0% used [0x000000076af00000,0x000000076af00000,0x00000007bfa80000)
  from space 512K, 31% used [0x00000007bfb80000,0x00000007bfba8000,0x00000007bfc00000)
  to   space 512K, 0% used [0x00000007bfb00000,0x00000007bfb00000,0x00000007bfb80000)
 ParOldGen       total 338944K, used 165340K [0x00000006c0c00000, 0x00000006d5700000, 0x000000076af00000)
  object space 338944K, 48% used [0x00000006c0c00000,0x00000006cad77298,0x00000006d5700000)
 Metaspace       used 43764K, capacity 44060K, committed 44672K, reserved 1087488K
  class space    used 5837K, capacity 5933K, committed 6016K, reserved 1048576K

Deoptimization events (10 events):
Event: 112.431 Thread 0x00000000203a9800 Uncommon trap: reason=bimorphic action=maybe_recompile pc=0x00000000033e70cc method=java.io.DataOutputStream.writeInt(I)V @ 12
Event: 322.430 Thread 0x00000000203a9800 Uncommon trap: reason=class_check action=maybe_recompile pc=0x00000000039a0a4c method=net.minecraft.world.World.func_175659_aa()Lnet/minecraft/world/EnumDifficulty; @ 4
Event: 322.430 Thread 0x00000000203a9800 Uncommon trap: reason=class_check action=maybe_recompile pc=0x00000000039a0a4c method=net.minecraft.world.World.func_175659_aa()Lnet/minecraft/world/EnumDifficulty; @ 4
Event: 510.630 Thread 0x00000000203a9800 Uncommon trap: reason=unloaded action=reinterpret pc=0x0000000003a7e00c method=net.minecraft.village.VillageSiege.func_75528_a()V @ 70
Event: 622.430 Thread 0x00000000203a9800 Uncommon trap: reason=class_check action=maybe_recompile pc=0x00000000039a0a4c method=net.minecraft.world.World.func_175659_aa()Lnet/minecraft/world/EnumDifficulty; @ 4
Event: 622.430 Thread 0x00000000203a9800 Uncommon trap: reason=class_check action=maybe_recompile pc=0x00000000039a0a4c method=net.minecraft.world.World.func_175659_aa()Lnet/minecraft/world/EnumDifficulty; @ 4
Event: 662.430 Thread 0x00000000203a9800 Uncommon trap: reason=unreached action=reinterpret pc=0x0000000002abc324 method=com.google.common.collect.MapMakerInternalMap.usesValueReferences()Z @ 7
Event: 927.576 Thread 0x000000001ef20000 Uncommon trap: reason=bimorphic action=maybe_recompile pc=0x0000000002da43dc method=java.lang.StringCoding.encode(Ljava/nio/charset/Charset;[CII)[B @ 107
Event: 927.576 Thread 0x000000001ef20000 Uncommon trap: reason=bimorphic action=maybe_recompile pc=0x0000000002da43dc method=java.lang.StringCoding.encode(Ljava/nio/charset/Charset;[CII)[B @ 107
Event: 927.576 Thread 0x000000001ef20000 Uncommon trap: reason=bimorphic action=maybe_recompile pc=0x0000000002da43dc method=java.lang.StringCoding.encode(Ljava/nio/charset/Charset;[CII)[B @ 107

Internal exceptions (10 events):
Event: 32.434 Thread 0x00000000203a9800 Exception <a 'java/security/PrivilegedActionException'> (0x000000076e1dd538) thrown at [D:\re\workspace\8-2-build-windows-amd64-cygwin\jdk8u25\1677\hotspot\src\share\vm\prims\jvm.cpp, line 1312]
Event: 68.060 Thread 0x00000000203a9800 Exception <a 'java/security/PrivilegedActionException'> (0x000000076e70b098) thrown at [D:\re\workspace\8-2-build-windows-amd64-cygwin\jdk8u25\1677\hotspot\src\share\vm\prims\jvm.cpp, line 1312]
Event: 68.060 Thread 0x00000000203a9800 Exception <a 'java/security/PrivilegedActionException'> (0x000000076e710b68) thrown at [D:\re\workspace\8-2-build-windows-amd64-cygwin\jdk8u25\1677\hotspot\src\share\vm\prims\jvm.cpp, line 1312]
Event: 68.061 Thread 0x00000000203a9800 Exception <a 'java/security/PrivilegedActionException'> (0x000000076e716120) thrown at [D:\re\workspace\8-2-build-windows-amd64-cygwin\jdk8u25\1677\hotspot\src\share\vm\prims\jvm.cpp, line 1312]
Event: 68.061 Thread 0x00000000203a9800 Exception <a 'java/security/PrivilegedActionException'> (0x000000076e71b138) thrown at [D:\re\workspace\8-2-build-windows-amd64-cygwin\jdk8u25\1677\hotspot\src\share\vm\prims\jvm.cpp, line 1312]
Event: 68.061 Thread 0x00000000203a9800 Exception <a 'java/security/PrivilegedActionException'> (0x000000076e71f380) thrown at [D:\re\workspace\8-2-build-windows-amd64-cygwin\jdk8u25\1677\hotspot\src\share\vm\prims\jvm.cpp, line 1312]
Event: 68.061 Thread 0x00000000203a9800 Exception <a 'java/security/PrivilegedActionException'> (0x000000076e723630) thrown at [D:\re\workspace\8-2-build-windows-amd64-cygwin\jdk8u25\1677\hotspot\src\share\vm\prims\jvm.cpp, line 1312]
Event: 68.061 Thread 0x00000000203a9800 Exception <a 'java/security/PrivilegedActionException'> (0x000000076e7278e0) thrown at [D:\re\workspace\8-2-build-windows-amd64-cygwin\jdk8u25\1677\hotspot\src\share\vm\prims\jvm.cpp, line 1312]
Event: 68.062 Thread 0x00000000203a9800 Exception <a 'java/security/PrivilegedActionException'> (0x000000076e72bb90) thrown at [D:\re\workspace\8-2-build-windows-amd64-cygwin\jdk8u25\1677\hotspot\src\share\vm\prims\jvm.cpp, line 1312]
Event: 7177.476 Thread 0x00000000203a9800 Exception <a 'java/security/PrivilegedActionException'> (0x000000076c029778) thrown at [D:\re\workspace\8-2-build-windows-amd64-cygwin\jdk8u25\1677\hotspot\src\share\vm\prims\jvm.cpp, line 1312]

Events (10 events):
Event: 16837.492 Executing VM operation: ParallelGCSystemGC done
Event: 16837.883 Executing VM operation: ParallelGCSystemGC
Event: 16837.995 Executing VM operation: ParallelGCSystemGC done
Event: 16838.383 Executing VM operation: ParallelGCSystemGC
Event: 16838.494 Executing VM operation: ParallelGCSystemGC done
Event: 16838.883 Executing VM operation: ParallelGCSystemGC
Event: 16839.006 Executing VM operation: ParallelGCSystemGC done
Event: 16839.385 Executing VM operation: ParallelGCSystemGC
Event: 16839.502 Executing VM operation: ParallelGCSystemGC done
Event: 16839.885 Executing VM operation: ParallelGCSystemGC


Dynamic libraries:
0x00007ff71a310000 - 0x00007ff71a344000 	C:\Program Files\Java\jre1.8.0_25\bin\javaw.exe
0x00007ffcbe2c0000 - 0x00007ffcbe491000 	C:\WINDOWS\SYSTEM32\ntdll.dll
0x00007ffcbce20000 - 0x00007ffcbcecb000 	C:\WINDOWS\System32\KERNEL32.DLL
0x00007ffca8600000 - 0x00007ffca8632000 	C:\Program Files (x86)\AVG\AVG2015\avghooka.dll
0x00007ffcb94c0000 - 0x00007ffcb96dd000 	C:\WINDOWS\System32\KERNELBASE.dll
0x00007ffcbb010000 - 0x00007ffcbb0b2000 	C:\WINDOWS\System32\ADVAPI32.dll
0x00007ffcbaf70000 - 0x00007ffcbb00e000 	C:\WINDOWS\System32\msvcrt.dll
0x00007ffcbcb00000 - 0x00007ffcbcb59000 	C:\WINDOWS\System32\sechost.dll
0x00007ffcba560000 - 0x00007ffcba681000 	C:\WINDOWS\System32\RPCRT4.dll
0x00007ffcbaae0000 - 0x00007ffcbac45000 	C:\WINDOWS\System32\USER32.dll
0x00007ffcba4e0000 - 0x00007ffcba4fe000 	C:\WINDOWS\System32\win32u.dll
0x00007ffcbcd10000 - 0x00007ffcbcd44000 	C:\WINDOWS\System32\GDI32.dll
0x00007ffcb9780000 - 0x00007ffcb9902000 	C:\WINDOWS\System32\gdi32full.dll
0x00007ffcb13a0000 - 0x00007ffcb1619000 	C:\WINDOWS\WinSxS\amd64_microsoft.windows.common-controls_6595b64144ccf1df_6.0.14393.0_none_2d0f50fcbdb171b8\COMCTL32.dll
0x00007ffcbac90000 - 0x00007ffcbaf57000 	C:\WINDOWS\System32\combase.dll
0x00007ffcb9910000 - 0x00007ffcb9a05000 	C:\WINDOWS\System32\ucrtbase.dll
0x00007ffcb9c30000 - 0x00007ffcb9c9a000 	C:\WINDOWS\System32\bcryptPrimitives.dll
0x00007ffcbac60000 - 0x00007ffcbac8e000 	C:\WINDOWS\System32\IMM32.DLL
0x0000000077960000 - 0x0000000077a32000 	C:\Program Files\Java\jre1.8.0_25\bin\msvcr100.dll
0x0000000077100000 - 0x000000007795a000 	C:\Program Files\Java\jre1.8.0_25\bin\server\jvm.dll
0x00007ffcbcca0000 - 0x00007ffcbcca8000 	C:\WINDOWS\System32\PSAPI.DLL
0x00007ffcb4000000 - 0x00007ffcb4009000 	C:\WINDOWS\SYSTEM32\WSOCK32.dll
0x00007ffcbcdb0000 - 0x00007ffcbce1a000 	C:\WINDOWS\System32\WS2_32.dll
0x00007ffcb78f0000 - 0x00007ffcb7913000 	C:\WINDOWS\SYSTEM32\WINMM.dll
0x00007ffcb78c0000 - 0x00007ffcb78eb000 	C:\WINDOWS\SYSTEM32\WINMMBASE.dll
0x00007ffcb9be0000 - 0x00007ffcb9c22000 	C:\WINDOWS\System32\cfgmgr32.dll
0x00000000770f0000 - 0x00000000770ff000 	C:\Program Files\Java\jre1.8.0_25\bin\verify.dll
0x00000000770c0000 - 0x00000000770e8000 	C:\Program Files\Java\jre1.8.0_25\bin\java.dll
0x00000000770a0000 - 0x00000000770b6000 	C:\Program Files\Java\jre1.8.0_25\bin\zip.dll
0x00007ffcbb250000 - 0x00007ffcbc758000 	C:\WINDOWS\System32\SHELL32.dll
0x00007ffcb9ca0000 - 0x00007ffcba37a000 	C:\WINDOWS\System32\windows.storage.dll
0x00007ffcb9450000 - 0x00007ffcb949c000 	C:\WINDOWS\System32\powrprof.dll
0x00007ffcbcd50000 - 0x00007ffcbcda2000 	C:\WINDOWS\System32\shlwapi.dll
0x00007ffcb94b0000 - 0x00007ffcb94bf000 	C:\WINDOWS\System32\kernel.appcore.dll
0x00007ffcba430000 - 0x00007ffcba4d9000 	C:\WINDOWS\System32\shcore.dll
0x00007ffcb9430000 - 0x00007ffcb9444000 	C:\WINDOWS\System32\profapi.dll
0x0000000077090000 - 0x000000007709d000 	C:\Program Files\Java\jre1.8.0_25\bin\management.dll
0x0000000077070000 - 0x000000007708a000 	C:\Program Files\Java\jre1.8.0_25\bin\net.dll
0x00007ffcb8b80000 - 0x00007ffcb8bdc000 	C:\WINDOWS\system32\mswsock.dll
0x0000000077050000 - 0x0000000077061000 	C:\Program Files\Java\jre1.8.0_25\bin\nio.dll
0x00007ffcb8f00000 - 0x00007ffcb8f17000 	C:\WINDOWS\SYSTEM32\CRYPTSP.dll
0x00007ffcb8d40000 - 0x00007ffcb8d73000 	C:\WINDOWS\system32\rsaenh.dll
0x00007ffcb9010000 - 0x00007ffcb903b000 	C:\WINDOWS\SYSTEM32\bcrypt.dll
0x00007ffcb8de0000 - 0x00007ffcb8dff000 	C:\WINDOWS\SYSTEM32\USERENV.dll
0x00007ffcb8f20000 - 0x00007ffcb8f2b000 	C:\WINDOWS\SYSTEM32\CRYPTBASE.dll
0x00007ffcb8930000 - 0x00007ffcb8968000 	C:\WINDOWS\SYSTEM32\IPHLPAPI.DLL
0x00007ffcbac50000 - 0x00007ffcbac58000 	C:\WINDOWS\System32\NSI.dll
0x00007ffcb5590000 - 0x00007ffcb55a6000 	C:\WINDOWS\SYSTEM32\dhcpcsvc6.DLL
0x00007ffcb55f0000 - 0x00007ffcb560a000 	C:\WINDOWS\SYSTEM32\dhcpcsvc.DLL
0x00007ffcafe50000 - 0x00007ffcafe5a000 	C:\Users\Andrew\AppData\Local\Temp\jansi-64-3100843489903040991.dll
0x00007ffca8910000 - 0x00007ffca8926000 	C:\WINDOWS\system32\napinsp.dll
0x00007ffcaafb0000 - 0x00007ffcaafca000 	C:\WINDOWS\system32\pnrpnsp.dll
0x00007ffcb3cf0000 - 0x00007ffcb3d08000 	C:\WINDOWS\system32\NLAapi.dll
0x00007ffcb8970000 - 0x00007ffcb8a10000 	C:\WINDOWS\SYSTEM32\DNSAPI.dll
0x00007ffcaafd0000 - 0x00007ffcaafde000 	C:\WINDOWS\System32\winrnr.dll
0x0000000050050000 - 0x0000000050076000 	C:\Program Files\Bonjour\mdnsNSP.dll
0x00007ffcae930000 - 0x00007ffcae93a000 	C:\Windows\System32\rasadhlp.dll
0x00007ffcb12d0000 - 0x00007ffcb133a000 	C:\WINDOWS\System32\fwpuclnt.dll
0x0000000077030000 - 0x0000000077047000 	C:\Program Files\Java\jre1.8.0_25\bin\unpack.dll
0x0000000076e90000 - 0x0000000077028000 	C:\Program Files\Java\jre1.8.0_25\bin\awt.dll
0x00007ffcbb190000 - 0x00007ffcbb24f000 	C:\WINDOWS\System32\OLEAUT32.dll
0x00007ffcb96e0000 - 0x00007ffcb977c000 	C:\WINDOWS\System32\msvcp_win.dll
0x00007ffcb79e0000 - 0x00007ffcb7a5a000 	C:\WINDOWS\SYSTEM32\apphelp.dll
0x00007ffcb7bc0000 - 0x00007ffcb7c55000 	C:\WINDOWS\system32\uxtheme.dll
0x00007ffcbc800000 - 0x00007ffcbc95b000 	C:\WINDOWS\System32\MSCTF.dll
0x00007ffcb7290000 - 0x00007ffcb72b6000 	C:\WINDOWS\system32\dwmapi.dll
0x00007ffcbcb60000 - 0x00007ffcbcc97000 	C:\WINDOWS\System32\ole32.dll
0x0000000076e40000 - 0x0000000076e87000 	C:\Program Files\Java\jre1.8.0_25\bin\fontmanager.dll
0x00007ffcaf0d0000 - 0x00007ffcaf25d000 	C:\WINDOWS\system32\d3d9.dll
0x00007ffc959c0000 - 0x00007ffc96a63000 	C:\WINDOWS\System32\DriverStore\FileRepository\nvddwu.inf_amd64_22a22f778ced373c\nvd3dumx.dll
0x00007ffcb6300000 - 0x00007ffcb630a000 	C:\WINDOWS\SYSTEM32\VERSION.dll
0x00007ffcb4070000 - 0x00007ffcb41d7000 	C:\Program Files (x86)\NVIDIA Corporation\3D Vision\nvSCPAPI64.dll
0x00007ffcba690000 - 0x00007ffcbaab9000 	C:\WINDOWS\System32\SETUPAPI.dll
0x0000000180000000 - 0x00000001802b7000 	C:\WINDOWS\system32\nvspcap64.dll
0x0000000076df0000 - 0x0000000076e31000 	C:\Program Files\Java\jre1.8.0_25\bin\t2k.dll
0x00007ffcbc760000 - 0x00007ffcbc7ff000 	C:\WINDOWS\System32\clbcatq.dll
0x00007ffcb6ee0000 - 0x00007ffcb7088000 	C:\WINDOWS\SYSTEM32\WindowsCodecs.dll
0x00007ffcaaad0000 - 0x00007ffcaab19000 	C:\WINDOWS\system32\dataexchange.dll
0x00007ffcb6b90000 - 0x00007ffcb6e46000 	C:\WINDOWS\system32\d3d11.dll
0x00007ffcb7620000 - 0x00007ffcb7771000 	C:\WINDOWS\system32\dcomp.dll
0x00007ffcb83c0000 - 0x00007ffcb845f000 	C:\WINDOWS\system32\dxgi.dll
0x00007ffcb7ed0000 - 0x00007ffcb7fec000 	C:\WINDOWS\system32\twinapi.appcore.dll
0x00007ffcb36b0000 - 0x00007ffcb3842000 	C:\WINDOWS\SYSTEM32\dbghelp.dll

VM Arguments:
java_command: E:\Non-steam game installations\Minecraft\forger_server\forge-1.8.9-11.15.1.1902-1.8.9-universal.jar
java_class_path (initial): E:\Non-steam game installations\Minecraft\forger_server\forge-1.8.9-11.15.1.1902-1.8.9-universal.jar
Launcher Type: SUN_STANDARD

Environment Variables:
PATH=C:\Program Files (x86)\NVIDIA Corporation\PhysX\Common;C:\ProgramData\Oracle\Java\javapath;C:\Program Files (x86)\Intel\iCLS Client\;C:\Program Files\Intel\iCLS Client\;C:\WINDOWS\system32;C:\WINDOWS;C:\WINDOWS\System32\Wbem;C:\WINDOWS\System32\WindowsPowerShell\v1.0\;C:\Program Files\Intel\Intel(R) Management Engine Components\DAL;C:\Program Files (x86)\Intel\Intel(R) Management Engine Components\DAL;C:\Program Files\Intel\Intel(R) Management Engine Components\IPT;C:\Program Files (x86)\Intel\Intel(R) Management Engine Components\IPT;C:\Users\Andrew\AppData\Local\Microsoft\WindowsApps
USERNAME=Andrew
OS=Windows_NT
PROCESSOR_IDENTIFIER=Intel64 Family 6 Model 60 Stepping 3, GenuineIntel



---------------  S Y S T E M  ---------------

OS: Windows 8.1 , 64 bit Build 9600 

CPU:total 8 (4 cores per cpu, 2 threads per core) family 6 model 60 stepping 3, cmov, cx8, fxsr, mmx, sse, sse2, sse3, ssse3, sse4.1, sse4.2, popcnt, avx, avx2, aes, clmul, erms, lzcnt, ht, tsc, tscinvbit, bmi1, bmi2

Memory: 4k page, physical 16724064k(8870300k free), swap 19214432k(5825820k free)

vm_info: Java HotSpot(TM) 64-Bit Server VM (25.25-b02) for windows-amd64 JRE (1.8.0_25-b18), built on Oct  7 2014 14:25:37 by "java_re" with MS VC++ 10.0 (VS2010)

time: Sun Oct 09 00:08:31 2016
elapsed time: 16839 seconds (0d 4h 40m 39s)

