[19:28:00] [Server thread/INFO]: Starting minecraft server version 1.8.9
[19:28:00] [Server console handler/ERROR]: Exception handling console input
java.io.IOException: The handle is invalid
	at java.io.FileInputStream.readBytes(Native Method) ~[?:1.8.0_25]
	at java.io.FileInputStream.read(Unknown Source) ~[?:1.8.0_25]
	at java.io.BufferedInputStream.read1(Unknown Source) ~[?:1.8.0_25]
	at java.io.BufferedInputStream.read(Unknown Source) ~[?:1.8.0_25]
	at sun.nio.cs.StreamDecoder.readBytes(Unknown Source) ~[?:1.8.0_25]
	at sun.nio.cs.StreamDecoder.implRead(Unknown Source) ~[?:1.8.0_25]
	at sun.nio.cs.StreamDecoder.read(Unknown Source) ~[?:1.8.0_25]
	at java.io.InputStreamReader.read(Unknown Source) ~[?:1.8.0_25]
	at java.io.BufferedReader.fill(Unknown Source) ~[?:1.8.0_25]
	at java.io.BufferedReader.readLine(Unknown Source) ~[?:1.8.0_25]
	at java.io.BufferedReader.readLine(Unknown Source) ~[?:1.8.0_25]
	at net.minecraft.server.dedicated.DedicatedServer$2.run(DedicatedServer.java:92) [ko$2.class:?]
[19:28:08] [Server thread/INFO]: Loading properties
[19:28:08] [Server thread/INFO]: Default game type: SURVIVAL
[19:28:08] [Server thread/INFO]: Generating keypair
[19:28:08] [Server thread/INFO]: Starting Minecraft server on *:25565
[19:28:08] [Server thread/INFO]: Using default channel type
[19:28:10] [Server thread/INFO]: Preparing level "world"
[19:28:12] [Server thread/INFO]: Preparing start region for level 0
[19:28:13] [Server thread/INFO]: Preparing spawn area: 34%
[19:28:13] [Server thread/INFO]: Done (3.246s)! For help, type "help" or "?"
